<?xml version="1.0" encoding="UTF-8"?>
<testng-results ignored="0" total="1" passed="1" failed="0" skipped="0">
  <reporter-output>
  </reporter-output>
  <suite started-at="2023-01-16T10:01:15 IST" name="Default suite" finished-at="2023-01-16T10:01:38 IST" duration-ms="22449">
    <groups>
      <group name="@regression, passed">
        <method signature="LoginTest.valid_login()[pri:0, instance:com.testcases.LoginTest@54a7079e]" name="valid_login" class="com.testcases.LoginTest"/>
      </group> <!-- @regression, passed -->
    </groups>
    <test started-at="2023-01-16T10:01:15 IST" name="Default test" finished-at="2023-01-16T10:01:38 IST" duration-ms="22449">
      <class name="com.testcases.LoginTest">
        <test-method is-config="true" signature="setUp()[pri:0, instance:com.testcases.LoginTest@54a7079e]" started-at="2023-01-16T10:01:16 IST" name="setUp" finished-at="2023-01-16T10:01:23 IST" duration-ms="7916" status="PASS">
          <reporter-output>
          </reporter-output>
        </test-method> <!-- setUp -->
        <test-method signature="valid_login()[pri:0, instance:com.testcases.LoginTest@54a7079e]" started-at="2023-01-16T10:01:23 IST" name="valid_login" finished-at="2023-01-16T10:01:37 IST" duration-ms="13993" status="PASS">
          <reporter-output>
          </reporter-output>
        </test-method> <!-- valid_login -->
        <test-method is-config="true" signature="closeUP()[pri:0, instance:com.testcases.LoginTest@54a7079e]" started-at="2023-01-16T10:01:37 IST" name="closeUP" finished-at="2023-01-16T10:01:38 IST" duration-ms="480" status="PASS">
          <reporter-output>
          </reporter-output>
        </test-method> <!-- closeUP -->
      </class> <!-- com.testcases.LoginTest -->
    </test> <!-- Default test -->
  </suite> <!-- Default suite -->
</testng-results>
